0 info it worked if it ends with ok
1 verbose cli [ 'c:\\Program Files\\nodejs\\node.exe',
1 verbose cli   'c:\\Program Files\\nodejs\\node_modules\\npm\\bin\\npm-cli.js',
1 verbose cli   'install',
1 verbose cli   'opencv' ]
2 info using npm@1.1.65
3 info using node@v0.8.14
4 verbose read json c:\wamp\www\hack\DroneGames\package.json
5 verbose read json c:\wamp\www\hack\DroneGames\node_modules\ar-drone\package.json
6 verbose read json c:\wamp\www\hack\DroneGames\node_modules\testNiu.js\package.json
7 verbose read json c:\wamp\www\hack\DroneGames\package.json
8 verbose cache add [ 'opencv', null ]
9 silly cache add name=undefined spec="opencv" args=["opencv",null]
10 verbose parsed url { pathname: 'opencv', path: 'opencv', href: 'opencv' }
11 silly lockFile 34897cde-opencv opencv
12 verbose lock opencv C:\Users\Linghua\AppData\Roaming\npm-cache\34897cde-opencv.lock
13 silly lockFile 34897cde-opencv opencv
14 verbose addNamed [ 'opencv', '' ]
15 verbose addNamed [ null, '' ]
16 silly lockFile 4da5a9ce-opencv opencv@
17 verbose lock opencv@ C:\Users\Linghua\AppData\Roaming\npm-cache\4da5a9ce-opencv.lock
18 silly addNameRange { name: 'opencv', range: '', hasData: false }
19 verbose url raw opencv
20 verbose url resolving [ 'https://registry.npmjs.org/', './opencv' ]
21 verbose url resolved https://registry.npmjs.org/opencv
22 info trying registry request attempt 1 at 03:23:13
23 verbose etag "LVZP9DRVAEDJP7DXF1POP31F"
24 http GET https://registry.npmjs.org/opencv
25 http 304 https://registry.npmjs.org/opencv
26 silly registry.get cb [ 304,
26 silly registry.get   { server: 'CouchDB/1.2.1 (Erlang OTP/R15B03)',
26 silly registry.get     etag: '"LVZP9DRVAEDJP7DXF1POP31F"',
26 silly registry.get     date: 'Sat, 06 Apr 2013 10:23:09 GMT',
26 silly registry.get     'content-length': '0' } ]
27 verbose etag opencv from cache
28 silly addNameRange number 2 { name: 'opencv', range: '', hasData: true }
29 silly addNameRange versions [ 'opencv',
29 silly addNameRange   [ '0.0.1',
29 silly addNameRange     '0.0.2',
29 silly addNameRange     '0.0.3',
29 silly addNameRange     '0.0.4',
29 silly addNameRange     '0.0.5',
29 silly addNameRange     '0.0.6',
29 silly addNameRange     '0.0.7',
29 silly addNameRange     '0.0.8',
29 silly addNameRange     '0.0.9',
29 silly addNameRange     '0.0.10',
29 silly addNameRange     '0.0.11',
29 silly addNameRange     '0.0.12' ] ]
30 verbose addNamed [ 'opencv', '0.0.12' ]
31 verbose addNamed [ '0.0.12', '0.0.12' ]
32 silly lockFile abade6f9-opencv-0-0-12 opencv@0.0.12
33 verbose lock opencv@0.0.12 C:\Users\Linghua\AppData\Roaming\npm-cache\abade6f9-opencv-0-0-12.lock
34 verbose read json C:\Users\Linghua\AppData\Roaming\npm-cache\opencv\0.0.12\package\package.json
35 silly lockFile abade6f9-opencv-0-0-12 opencv@0.0.12
36 silly lockFile 4da5a9ce-opencv opencv@
37 silly resolved [ { name: 'opencv',
37 silly resolved     description: 'Node Bindings to OpenCV',
37 silly resolved     author: { name: 'Peter Braden', email: 'peterbraden@peterbraden.co.uk' },
37 silly resolved     dependencies: { buffers: '0.1.1' },
37 silly resolved     version: '0.0.12',
37 silly resolved     devDependencies: { vows: '*' },
37 silly resolved     engine: 'node >= 0.4.1',
37 silly resolved     scripts:
37 silly resolved      { preinstall: 'node-gyp clean rebuild',
37 silly resolved        test: 'vows test/unit.js' },
37 silly resolved     keywords: [ 'opencv', 'computer', 'vision', 'quadrocopter' ],
37 silly resolved     main: './lib/opencv',
37 silly resolved     readme: '# node-opencv \n\n[![Build Status](https://secure.travis-ci.org/peterbraden/node-opencv.png)](http://travis-ci.org/peterbraden/node-opencv)\n\n\n[OpenCV](http://opencv.willowgarage.com/wiki/) bindings for Node.js. OpenCV is the defacto computer vision library - by interfacing with it natively in node, we get powerful real time vision in js.\n\nPeople are using node-opencv to fly control quadrocoptors, detect faces from webcam images and annotate video streams. If you\'re using it for something cool, I\'d love to hear about it!\n\n## Install\n\nYou\'ll need OpenCV 2.3.1 installed.\n\nThen:\n\n\n        npm install opencv\n\n\nOr to build the repo:\n\n\n        node-gyp rebuild\n\n\n## Examples\n\n### Face Detection\n\n\n        cv.readImage("./examples/test.jpg", function(err, im){\n          im.detectObject(cv.FACE_CASCADE, {}, function(err, faces){\n            for (var i=0;i<faces.length; i++){\n              var x = faces[i]\n              im.ellipse(x.x + x.width/2, x.y + x.height/2, x.width/2, x.height/2);\n            }\n            im.save(\'./out.jpg\');\n          });\n        })\n\n\n\n## API Documentation\n\n### Matrix\n\nThe [matrix](http://opencv.jp/opencv-2svn_org/cpp/core_basic_structures.html#mat) is the most useful\nbase datastructure in OpenCV. Things like images are just matrices of pixels.\n\n#### Creation\n\n        new Matrix(rows, cols)\n\nOr if you\'re thinking of a Matrix as an image:\n\n        new Matrix(height, width)\n\nOr you can use opencv to read in image files. Supported formats are in the OpenCV docs, but jpgs etc are supported.\n\n        cv.readImage(filename, function(mat){\n          ...\n        })\n\n        cv.readImage(buffer, function(mat){\n          ...\n        })\n\nIf you need to pipe data into an image, you can use an ImageDataStream:\n\n        var s = new cv.ImageDataStream()\n\n        s.on(\'load\', function(matrix){\n          ...\n        })\n\n        fs.createReadStream(\'./examples/test.jpg\').pipe(s);\n\nIf however, you have a series of images, and you wish to stream them into a\nstream of Matrices, you can use an ImageStream. Thus:\n\n        var s = new cv.ImageStream()\n\n        s.on(\'data\', function(matrix){\n           ...\n        })\n\n        ardrone.createPngStream().pipe(s);\n\nNote: Each \'data\' event into the ImageStream should be a complete image buffer.\n\n\n\n#### Accessing Data\n\n        var mat = new cv.Matrix.Eye(4,4); // Create identity matrix\n\n        mat.get(0,0) // 1\n\n        mat.row(0)  // [1,0,0,0]\n        mat.col(4)  // [0,0,0,1]\n\n\n##### Save\n\n        mat.save(\'./pic.jpg\')\n\nor:\n\n        var buff = mat.toBuffer()\n\n\n#### Image Processing\n\n        im.convertGrayscale()\n        im.canny(5, 300)\n        im.houghLinesP()\n\n\n\n#### Simple Drawing\n\n        im.ellipse(x, y)\n        im.line([x1,y1], [x2, y2])\n\n\n#### Object Detection\n\nThere is a shortcut method for \n[Viola-Jones Haar Cascade](http://www.cognotics.com/opencv/servo_2007_series/part_2/sidebar.html) object \ndetection. This can be used for face detection etc.\n\n\n        mat.detectObject(haar_cascade_xml, opts, function(err, matches){})\n\nFor convenience in face recognition, cv.FACE_CASCADE is a cascade that can be used for frontal face recognition.\n\nAlso:\n\n        mat.goodFeaturesToTrack\n\n\n#### Contours\n\n        mat.findCountours\n        mat.drawContour\n        mat.drawAllContours\n\n### Using Contours\n\n`findContours` returns a `Contours` collection object, not a native array. This object provides\nfunctions for accessing, computing with, and altering the contours contained in it.\nSee [relevant source code](src/Contours.cc) and [examples](examples/)\n\n        var contours = im.findContours;\n\n        # Count of contours in the Contours object\n        contours.size();\n\n        # Count of corners(verticies) of contour `index`\n        contours.cornerCount(index);\n\n        # Access vertex data of contours\n        for(var c = 0; c < contours.size(); ++c) {\n          console.log("Contour " + c);\n          for(var i = 0; i < contours.cornerCount(c); ++i) {\n            var point = contours.point(c, i);\n            console.log("(" + point.x + "," + point.y + ")");"\n          }\n        }\n\n        # Computations of contour `index`\n        contours.area(index);\n        contours.arcLength(index, isClosed);\n        contours.boundingRect(index);\n        contours.minAreaRect(index);\n        contours.isConvex(index);\n\n        # Destructively alter contour `index`\n        contours.approxPolyDP(index, epsilon, isClosed);\n        contours.convexHull(index, clockwise);\n\n## MIT License\nThe library is distributed under the MIT License - if for some reason that \ndoesn\'t work for you please get in touch.\n\n## Changelog\n\n#### 0.0.12\n- Matrix clone()\n- NamedWindow Support\n\n#### 0.0.11\n\n- Bug Fixes\n- ImageStream becomes ImageDataStream, and new ImageStream allows multiple images to be\nstreamed as matrices, for example, with an object detection stream.\n- @ryansouza improved documentation\n- Correcting matrix constructor (thanks @gluxon)\n- @Michael Smith expanded Contours functionality.\n\nThanks all!\n\n#### 0.0.10\n\n- Bug Fixes\n- @Contra added code that allows thickness and color args for ellipse\n- Camshift Support\n- @jtlebi added bindings for erode, gaussianBlur, arcLength, approxPolyDP, isConvex, cornerCount\n- @gluxon added bindings for inRange\n\nThanks everyone!\n\n#### 0.0.9\n\n- toBuffer can now take a callback and be run async (re #21)\n',
37 silly resolved     readmeFilename: 'README.md',
37 silly resolved     _id: 'opencv@0.0.12',
37 silly resolved     _from: 'opencv' } ]
38 info install opencv@0.0.12 into c:\wamp\www\hack\DroneGames
39 info installOne opencv@0.0.12
40 verbose from cache C:\Users\Linghua\AppData\Roaming\npm-cache\opencv\0.0.12\package\package.json
41 info c:\wamp\www\hack\DroneGames\node_modules\opencv unbuild
42 verbose read json c:\wamp\www\hack\DroneGames\node_modules\opencv\package.json
43 verbose tar unpack C:\Users\Linghua\AppData\Roaming\npm-cache\opencv\0.0.12\package.tgz
44 silly lockFile ee968e16-k-DroneGames-node-modules-opencv c:\wamp\www\hack\DroneGames\node_modules\opencv
45 verbose lock c:\wamp\www\hack\DroneGames\node_modules\opencv C:\Users\Linghua\AppData\Roaming\npm-cache\ee968e16-k-DroneGames-node-modules-opencv.lock
46 silly gunzTarPerm modes [ '755', '644' ]
47 silly gunzTarPerm extractEntry package.json
48 silly gunzTarPerm modified mode [ 'package.json', 438, 420 ]
49 silly gunzTarPerm extractEntry .npmignore
50 silly gunzTarPerm modified mode [ '.npmignore', 438, 420 ]
51 silly gunzTarPerm extractEntry README.md
52 silly gunzTarPerm modified mode [ 'README.md', 438, 420 ]
53 silly gunzTarPerm extractEntry data/haarcascade_mcs_eyepair_big.xml
54 silly gunzTarPerm modified mode [ 'data/haarcascade_mcs_eyepair_big.xml', 438, 420 ]
55 silly gunzTarPerm extractEntry data/haarcascade_eye.xml
56 silly gunzTarPerm modified mode [ 'data/haarcascade_eye.xml', 438, 420 ]
57 silly gunzTarPerm extractEntry data/haarcascade_frontalface_alt.xml
58 silly gunzTarPerm modified mode [ 'data/haarcascade_frontalface_alt.xml', 438, 420 ]
59 silly gunzTarPerm extractEntry data/haarcascade_frontalface_alt2.xml
60 silly gunzTarPerm modified mode [ 'data/haarcascade_frontalface_alt2.xml', 438, 420 ]
61 silly gunzTarPerm extractEntry data/haarcascade_frontalface_alt_tree.xml
62 silly gunzTarPerm modified mode [ 'data/haarcascade_frontalface_alt_tree.xml', 438, 420 ]
63 silly gunzTarPerm extractEntry data/haarcascade_frontalface_default.xml
64 silly gunzTarPerm modified mode [ 'data/haarcascade_frontalface_default.xml', 438, 420 ]
65 silly gunzTarPerm extractEntry data/haarcascade_fullbody.xml
66 silly gunzTarPerm modified mode [ 'data/haarcascade_fullbody.xml', 438, 420 ]
67 silly gunzTarPerm extractEntry data/haarcascade_lefteye_2splits.xml
68 silly gunzTarPerm modified mode [ 'data/haarcascade_lefteye_2splits.xml', 438, 420 ]
69 silly gunzTarPerm extractEntry data/haarcascade_lowerbody.xml
70 silly gunzTarPerm modified mode [ 'data/haarcascade_lowerbody.xml', 438, 420 ]
71 silly gunzTarPerm extractEntry data/haarcascade_eye_tree_eyeglasses.xml
72 silly gunzTarPerm modified mode [ 'data/haarcascade_eye_tree_eyeglasses.xml', 438, 420 ]
73 silly gunzTarPerm extractEntry data/haarcascade_mcs_eyepair_small.xml
74 silly gunzTarPerm modified mode [ 'data/haarcascade_mcs_eyepair_small.xml', 438, 420 ]
75 silly gunzTarPerm extractEntry data/haarcascade_mcs_lefteye.xml
76 silly gunzTarPerm modified mode [ 'data/haarcascade_mcs_lefteye.xml', 438, 420 ]
77 silly gunzTarPerm extractEntry data/haarcascade_mcs_mouth.xml
78 silly gunzTarPerm modified mode [ 'data/haarcascade_mcs_mouth.xml', 438, 420 ]
79 silly gunzTarPerm extractEntry data/haarcascade_mcs_nose.xml
80 silly gunzTarPerm modified mode [ 'data/haarcascade_mcs_nose.xml', 438, 420 ]
81 silly gunzTarPerm extractEntry data/haarcascade_mcs_righteye.xml
82 silly gunzTarPerm modified mode [ 'data/haarcascade_mcs_righteye.xml', 438, 420 ]
83 silly gunzTarPerm extractEntry data/haarcascade_mcs_upperbody.xml
84 silly gunzTarPerm modified mode [ 'data/haarcascade_mcs_upperbody.xml', 438, 420 ]
85 silly gunzTarPerm extractEntry data/haarcascade_profileface.xml
86 silly gunzTarPerm modified mode [ 'data/haarcascade_profileface.xml', 438, 420 ]
87 silly gunzTarPerm extractEntry data/haarcascade_righteye_2splits.xml
88 silly gunzTarPerm modified mode [ 'data/haarcascade_righteye_2splits.xml', 438, 420 ]
89 silly gunzTarPerm extractEntry data/haarcascade_upperbody.xml
90 silly gunzTarPerm modified mode [ 'data/haarcascade_upperbody.xml', 438, 420 ]
91 silly gunzTarPerm extractEntry .package.json.un~
92 silly gunzTarPerm modified mode [ '.package.json.un~', 438, 420 ]
93 silly gunzTarPerm extractEntry .README.md.un~
94 silly gunzTarPerm modified mode [ '.README.md.un~', 438, 420 ]
95 silly gunzTarPerm extractEntry .temp.coffee.un~
96 silly gunzTarPerm modified mode [ '.temp.coffee.un~', 438, 420 ]
97 silly gunzTarPerm extractEntry .temp.js.un~
98 silly gunzTarPerm modified mode [ '.temp.js.un~', 438, 420 ]
99 silly gunzTarPerm extractEntry .travis.yml
100 silly gunzTarPerm modified mode [ '.travis.yml', 438, 420 ]
101 silly gunzTarPerm extractEntry binding.gyp
102 silly gunzTarPerm modified mode [ 'binding.gyp', 438, 420 ]
103 silly gunzTarPerm extractEntry ..travis.yml.un~
104 silly gunzTarPerm modified mode [ '..travis.yml.un~', 438, 420 ]
105 silly gunzTarPerm extractEntry examples/Face.js
106 silly gunzTarPerm modified mode [ 'examples/Face.js', 438, 420 ]
107 silly gunzTarPerm extractEntry examples/camera.js
108 silly gunzTarPerm modified mode [ 'examples/camera.js', 438, 420 ]
109 silly gunzTarPerm extractEntry examples/color_filter.js
110 silly gunzTarPerm modified mode [ 'examples/color_filter.js', 438, 420 ]
111 silly gunzTarPerm extractEntry examples/contours.js
112 silly gunzTarPerm modified mode [ 'examples/contours.js', 438, 420 ]
113 silly gunzTarPerm extractEntry examples/convert_image.js
114 silly gunzTarPerm modified mode [ 'examples/convert_image.js', 438, 420 ]
115 silly gunzTarPerm extractEntry examples/addweighted.js
116 silly gunzTarPerm modified mode [ 'examples/addweighted.js', 438, 420 ]
117 silly gunzTarPerm extractEntry examples/face-proxy.js
118 silly gunzTarPerm modified mode [ 'examples/face-proxy.js', 438, 420 ]
119 silly gunzTarPerm extractEntry examples/face_detection.js
120 silly gunzTarPerm modified mode [ 'examples/face_detection.js', 438, 420 ]
121 silly gunzTarPerm extractEntry examples/motion-track.js
122 silly gunzTarPerm modified mode [ 'examples/motion-track.js', 438, 420 ]
123 silly gunzTarPerm extractEntry examples/quad-crosses.js
124 silly gunzTarPerm modified mode [ 'examples/quad-crosses.js', 438, 420 ]
125 silly gunzTarPerm extractEntry examples/salt.js
126 silly gunzTarPerm modified mode [ 'examples/salt.js', 438, 420 ]
127 silly gunzTarPerm extractEntry examples/detect-shapes.js
128 silly gunzTarPerm modified mode [ 'examples/detect-shapes.js', 438, 420 ]
129 silly gunzTarPerm extractEntry examples/coin2.jpg
130 silly gunzTarPerm modified mode [ 'examples/coin2.jpg', 438, 420 ]
131 silly gunzTarPerm extractEntry examples/make-example-files.sh
132 silly gunzTarPerm modified mode [ 'examples/make-example-files.sh', 438, 420 ]
133 silly gunzTarPerm extractEntry examples/mona.png
134 silly gunzTarPerm modified mode [ 'examples/mona.png', 438, 420 ]
135 silly gunzTarPerm extractEntry examples/.make-example-files.sh.un~
136 silly gunzTarPerm modified mode [ 'examples/.make-example-files.sh.un~', 438, 420 ]
137 silly gunzTarPerm extractEntry examples/motion.mov
138 silly gunzTarPerm modified mode [ 'examples/motion.mov', 438, 420 ]
139 silly gunzTarPerm extractEntry examples/over_text.png
140 silly gunzTarPerm modified mode [ 'examples/over_text.png', 438, 420 ]
141 silly gunzTarPerm extractEntry examples/coin1.jpg
142 silly gunzTarPerm modified mode [ 'examples/coin1.jpg', 438, 420 ]
143 silly gunzTarPerm extractEntry examples/quads.jpg
144 silly gunzTarPerm modified mode [ 'examples/quads.jpg', 438, 420 ]
145 silly gunzTarPerm extractEntry examples/.motion-track.js.un~
146 silly gunzTarPerm modified mode [ 'examples/.motion-track.js.un~', 438, 420 ]
147 silly gunzTarPerm extractEntry examples/shapes.jpg
148 silly gunzTarPerm modified mode [ 'examples/shapes.jpg', 438, 420 ]
149 silly gunzTarPerm extractEntry examples/stuff.png
150 silly gunzTarPerm modified mode [ 'examples/stuff.png', 438, 420 ]
151 silly gunzTarPerm extractEntry index.html
152 silly gunzTarPerm modified mode [ 'index.html', 438, 420 ]
153 silly gunzTarPerm extractEntry lib/bindings.js
154 silly gunzTarPerm modified mode [ 'lib/bindings.js', 438, 420 ]
155 silly gunzTarPerm extractEntry lib/opencv.js
156 silly gunzTarPerm modified mode [ 'lib/opencv.js', 438, 420 ]
157 silly gunzTarPerm extractEntry lib/.opencv.js.un~
158 silly gunzTarPerm modified mode [ 'lib/.opencv.js.un~', 438, 420 ]
159 silly gunzTarPerm extractEntry MIT-LICENSE.txt
160 silly gunzTarPerm modified mode [ 'MIT-LICENSE.txt', 438, 420 ]
161 silly gunzTarPerm extractEntry .binding.gyp.un~
162 silly gunzTarPerm modified mode [ '.binding.gyp.un~', 438, 420 ]
163 silly gunzTarPerm extractEntry ..gitignore.un~
164 silly gunzTarPerm modified mode [ '..gitignore.un~', 438, 420 ]
165 silly gunzTarPerm extractEntry smoke/smoketest.js
166 silly gunzTarPerm modified mode [ 'smoke/smoketest.js', 438, 420 ]
167 silly gunzTarPerm extractEntry smoke/.smoke.sh.un~
168 silly gunzTarPerm modified mode [ 'smoke/.smoke.sh.un~', 438, 420 ]
169 silly gunzTarPerm extractEntry smoke/.smoketest.js.un~
170 silly gunzTarPerm modified mode [ 'smoke/.smoketest.js.un~', 438, 420 ]
171 silly gunzTarPerm extractEntry smoke/smoke.sh
172 silly gunzTarPerm modified mode [ 'smoke/smoke.sh', 438, 420 ]
173 silly gunzTarPerm extractEntry src/Contours.cc
174 silly gunzTarPerm modified mode [ 'src/Contours.cc', 438, 420 ]
175 silly gunzTarPerm extractEntry src/.CamShift.cc.un~
176 silly gunzTarPerm modified mode [ 'src/.CamShift.cc.un~', 438, 420 ]
177 silly gunzTarPerm extractEntry src/.HighGUI.cc.un~
178 silly gunzTarPerm modified mode [ 'src/.HighGUI.cc.un~', 438, 420 ]
179 silly gunzTarPerm extractEntry src/.HighGUI.h.un~
180 silly gunzTarPerm modified mode [ 'src/.HighGUI.h.un~', 438, 420 ]
181 silly gunzTarPerm extractEntry src/.init.cc.un~
182 silly gunzTarPerm modified mode [ 'src/.init.cc.un~', 438, 420 ]
183 silly gunzTarPerm extractEntry src/.Matrix.cc.un~
184 silly gunzTarPerm modified mode [ 'src/.Matrix.cc.un~', 438, 420 ]
185 silly gunzTarPerm extractEntry src/.Matrix.h.un~
186 silly gunzTarPerm modified mode [ 'src/.Matrix.h.un~', 438, 420 ]
187 silly gunzTarPerm extractEntry src/.OpenCV.h.un~
188 silly gunzTarPerm modified mode [ 'src/.OpenCV.h.un~', 438, 420 ]
189 silly gunzTarPerm extractEntry src/.VideoCaptureWrap.cc.un~
190 silly gunzTarPerm modified mode [ 'src/.VideoCaptureWrap.cc.un~', 438, 420 ]
191 silly gunzTarPerm extractEntry src/CamShift.cc
192 silly gunzTarPerm modified mode [ 'src/CamShift.cc', 438, 420 ]
193 silly gunzTarPerm extractEntry src/CamShift.h
194 silly gunzTarPerm modified mode [ 'src/CamShift.h', 438, 420 ]
195 silly gunzTarPerm extractEntry src/CascadeClassifierWrap.cc
196 silly gunzTarPerm modified mode [ 'src/CascadeClassifierWrap.cc', 438, 420 ]
197 silly gunzTarPerm extractEntry src/CascadeClassifierWrap.h
198 silly gunzTarPerm modified mode [ 'src/CascadeClassifierWrap.h', 438, 420 ]
199 silly gunzTarPerm extractEntry src/.CamShift.h.un~
200 silly gunzTarPerm modified mode [ 'src/.CamShift.h.un~', 438, 420 ]
201 silly gunzTarPerm extractEntry src/Contours.h
202 silly gunzTarPerm modified mode [ 'src/Contours.h', 438, 420 ]
203 silly gunzTarPerm extractEntry src/HighGUI.cc
204 silly gunzTarPerm modified mode [ 'src/HighGUI.cc', 438, 420 ]
205 silly gunzTarPerm extractEntry src/HighGUI.h
206 silly gunzTarPerm modified mode [ 'src/HighGUI.h', 438, 420 ]
207 silly gunzTarPerm extractEntry src/init.cc
208 silly gunzTarPerm modified mode [ 'src/init.cc', 438, 420 ]
209 silly gunzTarPerm extractEntry src/Matrix.cc
210 silly gunzTarPerm modified mode [ 'src/Matrix.cc', 438, 420 ]
211 silly gunzTarPerm extractEntry src/Matrix.h
212 silly gunzTarPerm modified mode [ 'src/Matrix.h', 438, 420 ]
213 silly gunzTarPerm extractEntry src/OpenCV.cc
214 silly gunzTarPerm modified mode [ 'src/OpenCV.cc', 438, 420 ]
215 silly gunzTarPerm extractEntry src/OpenCV.h
216 silly gunzTarPerm modified mode [ 'src/OpenCV.h', 438, 420 ]
217 silly gunzTarPerm extractEntry src/Point.cc
218 silly gunzTarPerm modified mode [ 'src/Point.cc', 438, 420 ]
219 silly gunzTarPerm extractEntry src/Point.h
220 silly gunzTarPerm modified mode [ 'src/Point.h', 438, 420 ]
221 silly gunzTarPerm extractEntry src/VideoCaptureWrap.cc
222 silly gunzTarPerm modified mode [ 'src/VideoCaptureWrap.cc', 438, 420 ]
223 silly gunzTarPerm extractEntry src/VideoCaptureWrap.h
224 silly gunzTarPerm modified mode [ 'src/VideoCaptureWrap.h', 438, 420 ]
225 silly gunzTarPerm extractEntry test/unit.js
226 silly gunzTarPerm modified mode [ 'test/unit.js', 438, 420 ]
227 silly gunzTarPerm extractEntry test/.temp.js.un~
228 silly gunzTarPerm modified mode [ 'test/.temp.js.un~', 438, 420 ]
229 silly gunzTarPerm extractEntry test/.unit.js.un~
230 silly gunzTarPerm modified mode [ 'test/.unit.js.un~', 438, 420 ]
231 verbose read json c:\wamp\www\hack\DroneGames\node_modules\opencv\package.json
232 silly lockFile ee968e16-k-DroneGames-node-modules-opencv c:\wamp\www\hack\DroneGames\node_modules\opencv
233 info preinstall opencv@0.0.12
234 verbose unsafe-perm in lifecycle true
235 silly exec cmd "/c" "node-gyp clean rebuild"
236 silly cmd,/c,node-gyp clean rebuild,c:\wamp\www\hack\DroneGames\node_modules\opencv spawning
237 info opencv@0.0.12 Failed to exec preinstall script
238 info c:\wamp\www\hack\DroneGames\node_modules\opencv unbuild
239 verbose from cache c:\wamp\www\hack\DroneGames\node_modules\opencv\package.json
240 info preuninstall opencv@0.0.12
241 info uninstall opencv@0.0.12
242 verbose true,c:\wamp\www\hack\DroneGames\node_modules,c:\wamp\www\hack\DroneGames\node_modules unbuild opencv@0.0.12
243 info postuninstall opencv@0.0.12
244 error opencv@0.0.12 preinstall: `node-gyp clean rebuild`
244 error `cmd "/c" "node-gyp clean rebuild"` failed with 1
245 error Failed at the opencv@0.0.12 preinstall script.
245 error This is most likely a problem with the opencv package,
245 error not with npm itself.
245 error Tell the author that this fails on your system:
245 error     node-gyp clean rebuild
245 error You can get their info via:
245 error     npm owner ls opencv
245 error There is likely additional logging output above.
246 error System Windows_NT 6.1.7601
247 error command "c:\\Program Files\\nodejs\\node.exe" "c:\\Program Files\\nodejs\\node_modules\\npm\\bin\\npm-cli.js" "install" "opencv"
248 error cwd c:\wamp\www\hack\DroneGames
249 error node -v v0.8.14
250 error npm -v 1.1.65
251 error code ELIFECYCLE
252 verbose exit [ 1, true ]
